<?xml version="1.0" encoding="UTF-8"?>
<testsuite xmlns:xsi="http://www.w3.org/2001/XMLSchema-instance" xsi:noNamespaceSchemaLocation="https://maven.apache.org/surefire/maven-surefire-plugin/xsd/surefire-test-report.xsd" version="3.0.2" name="TestSuite" time="12.579" tests="1" errors="0" skipped="0" failures="0">
  <properties>
    <property name="java.specification.version" value="20"/>
    <property name="sun.jnu.encoding" value="UTF-8"/>
    <property name="sun.awt.enableExtraMouseButtons" value="true"/>
    <property name="java.class.path" value="/Users/admin/eclipse-workspace/OpenCartv121/target/test-classes:/Users/admin/eclipse-workspace/OpenCartv121/target/classes:/Users/admin/.m2/repository/org/seleniumhq/selenium/selenium-java/4.24.0/selenium-java-4.24.0.jar:/Users/admin/.m2/repository/org/seleniumhq/selenium/selenium-api/4.24.0/selenium-api-4.24.0.jar:/Users/admin/.m2/repository/org/jspecify/jspecify/1.0.0/jspecify-1.0.0.jar:/Users/admin/.m2/repository/org/seleniumhq/selenium/selenium-chrome-driver/4.24.0/selenium-chrome-driver-4.24.0.jar:/Users/admin/.m2/repository/com/google/auto/service/auto-service-annotations/1.1.1/auto-service-annotations-1.1.1.jar:/Users/admin/.m2/repository/org/seleniumhq/selenium/selenium-chromium-driver/4.24.0/selenium-chromium-driver-4.24.0.jar:/Users/admin/.m2/repository/org/seleniumhq/selenium/selenium-json/4.24.0/selenium-json-4.24.0.jar:/Users/admin/.m2/repository/org/seleniumhq/selenium/selenium-manager/4.24.0/selenium-manager-4.24.0.jar:/Users/admin/.m2/repository/org/seleniumhq/selenium/selenium-devtools-v126/4.24.0/selenium-devtools-v126-4.24.0.jar:/Users/admin/.m2/repository/org/seleniumhq/selenium/selenium-devtools-v127/4.24.0/selenium-devtools-v127-4.24.0.jar:/Users/admin/.m2/repository/org/seleniumhq/selenium/selenium-devtools-v128/4.24.0/selenium-devtools-v128-4.24.0.jar:/Users/admin/.m2/repository/org/seleniumhq/selenium/selenium-devtools-v85/4.24.0/selenium-devtools-v85-4.24.0.jar:/Users/admin/.m2/repository/org/seleniumhq/selenium/selenium-edge-driver/4.24.0/selenium-edge-driver-4.24.0.jar:/Users/admin/.m2/repository/org/seleniumhq/selenium/selenium-firefox-driver/4.24.0/selenium-firefox-driver-4.24.0.jar:/Users/admin/.m2/repository/org/seleniumhq/selenium/selenium-http/4.24.0/selenium-http-4.24.0.jar:/Users/admin/.m2/repository/dev/failsafe/failsafe/3.3.2/failsafe-3.3.2.jar:/Users/admin/.m2/repository/org/seleniumhq/selenium/selenium-ie-driver/4.24.0/selenium-ie-driver-4.24.0.jar:/Users/admin/.m2/repository/org/seleniumhq/selenium/selenium-remote-driver/4.24.0/selenium-remote-driver-4.24.0.jar:/Users/admin/.m2/repository/com/google/guava/guava/33.3.0-jre/guava-33.3.0-jre.jar:/Users/admin/.m2/repository/com/google/guava/failureaccess/1.0.2/failureaccess-1.0.2.jar:/Users/admin/.m2/repository/com/google/guava/listenablefuture/9999.0-empty-to-avoid-conflict-with-guava/listenablefuture-9999.0-empty-to-avoid-conflict-with-guava.jar:/Users/admin/.m2/repository/com/google/code/findbugs/jsr305/3.0.2/jsr305-3.0.2.jar:/Users/admin/.m2/repository/org/checkerframework/checker-qual/3.43.0/checker-qual-3.43.0.jar:/Users/admin/.m2/repository/com/google/errorprone/error_prone_annotations/2.28.0/error_prone_annotations-2.28.0.jar:/Users/admin/.m2/repository/com/google/j2objc/j2objc-annotations/3.0.0/j2objc-annotations-3.0.0.jar:/Users/admin/.m2/repository/io/opentelemetry/semconv/opentelemetry-semconv/1.25.0-alpha/opentelemetry-semconv-1.25.0-alpha.jar:/Users/admin/.m2/repository/io/opentelemetry/opentelemetry-api/1.41.0/opentelemetry-api-1.41.0.jar:/Users/admin/.m2/repository/io/opentelemetry/opentelemetry-context/1.41.0/opentelemetry-context-1.41.0.jar:/Users/admin/.m2/repository/io/opentelemetry/opentelemetry-exporter-logging/1.41.0/opentelemetry-exporter-logging-1.41.0.jar:/Users/admin/.m2/repository/io/opentelemetry/opentelemetry-sdk-common/1.41.0/opentelemetry-sdk-common-1.41.0.jar:/Users/admin/.m2/repository/io/opentelemetry/opentelemetry-sdk-extension-autoconfigure-spi/1.41.0/opentelemetry-sdk-extension-autoconfigure-spi-1.41.0.jar:/Users/admin/.m2/repository/io/opentelemetry/opentelemetry-sdk-extension-autoconfigure/1.41.0/opentelemetry-sdk-extension-autoconfigure-1.41.0.jar:/Users/admin/.m2/repository/io/opentelemetry/opentelemetry-api-incubator/1.41.0-alpha/opentelemetry-api-incubator-1.41.0-alpha.jar:/Users/admin/.m2/repository/io/opentelemetry/opentelemetry-sdk-trace/1.41.0/opentelemetry-sdk-trace-1.41.0.jar:/Users/admin/.m2/repository/io/opentelemetry/opentelemetry-sdk/1.41.0/opentelemetry-sdk-1.41.0.jar:/Users/admin/.m2/repository/io/opentelemetry/opentelemetry-sdk-metrics/1.41.0/opentelemetry-sdk-metrics-1.41.0.jar:/Users/admin/.m2/repository/io/opentelemetry/opentelemetry-sdk-logs/1.41.0/opentelemetry-sdk-logs-1.41.0.jar:/Users/admin/.m2/repository/net/bytebuddy/byte-buddy/1.15.0/byte-buddy-1.15.0.jar:/Users/admin/.m2/repository/org/seleniumhq/selenium/selenium-os/4.24.0/selenium-os-4.24.0.jar:/Users/admin/.m2/repository/org/apache/commons/commons-exec/1.4.0/commons-exec-1.4.0.jar:/Users/admin/.m2/repository/org/seleniumhq/selenium/selenium-safari-driver/4.24.0/selenium-safari-driver-4.24.0.jar:/Users/admin/.m2/repository/org/seleniumhq/selenium/selenium-support/4.24.0/selenium-support-4.24.0.jar:/Users/admin/.m2/repository/org/testng/testng/7.10.2/testng-7.10.2.jar:/Users/admin/.m2/repository/com/beust/jcommander/1.82/jcommander-1.82.jar:/Users/admin/.m2/repository/org/webjars/jquery/3.7.1/jquery-3.7.1.jar:/Users/admin/.m2/repository/org/apache/commons/commons-lang3/3.17.0/commons-lang3-3.17.0.jar:/Users/admin/.m2/repository/org/apache/poi/poi/5.3.0/poi-5.3.0.jar:/Users/admin/.m2/repository/commons-codec/commons-codec/1.17.0/commons-codec-1.17.0.jar:/Users/admin/.m2/repository/org/apache/commons/commons-collections4/4.4/commons-collections4-4.4.jar:/Users/admin/.m2/repository/org/apache/commons/commons-math3/3.6.1/commons-math3-3.6.1.jar:/Users/admin/.m2/repository/com/zaxxer/SparseBitSet/1.3/SparseBitSet-1.3.jar:/Users/admin/.m2/repository/org/apache/poi/poi-ooxml/5.3.0/poi-ooxml-5.3.0.jar:/Users/admin/.m2/repository/org/apache/poi/poi-ooxml-lite/5.3.0/poi-ooxml-lite-5.3.0.jar:/Users/admin/.m2/repository/org/apache/xmlbeans/xmlbeans/5.2.1/xmlbeans-5.2.1.jar:/Users/admin/.m2/repository/org/apache/commons/commons-compress/1.26.2/commons-compress-1.26.2.jar:/Users/admin/.m2/repository/com/github/virtuald/curvesapi/1.08/curvesapi-1.08.jar:/Users/admin/.m2/repository/com/aventstack/extentreports/5.1.2/extentreports-5.1.2.jar:/Users/admin/.m2/repository/io/reactivex/rxjava3/rxjava/3.1.6/rxjava-3.1.6.jar:/Users/admin/.m2/repository/org/reactivestreams/reactive-streams/1.0.4/reactive-streams-1.0.4.jar:/Users/admin/.m2/repository/org/freemarker/freemarker/2.3.32/freemarker-2.3.32.jar:/Users/admin/.m2/repository/org/projectlombok/lombok/1.18.26/lombok-1.18.26.jar:/Users/admin/.m2/repository/com/google/code/gson/gson/2.10.1/gson-2.10.1.jar:/Users/admin/.m2/repository/commons-io/commons-io/2.16.1/commons-io-2.16.1.jar:/Users/admin/.m2/repository/org/apache/logging/log4j/log4j-core/2.24.0/log4j-core-2.24.0.jar:/Users/admin/.m2/repository/org/slf4j/slf4j-api/1.7.5/slf4j-api-1.7.5.jar:/Users/admin/.m2/repository/org/slf4j/slf4j-log4j12/1.7.5/slf4j-log4j12-1.7.5.jar:/Users/admin/.m2/repository/log4j/log4j/1.2.17/log4j-1.2.17.jar:/Users/admin/.m2/repository/io/github/bonigarcia/webdrivermanager/5.4.0/webdrivermanager-5.4.0.jar:/Users/admin/.m2/repository/com/github/docker-java/docker-java/3.3.1/docker-java-3.3.1.jar:/Users/admin/.m2/repository/com/github/docker-java/docker-java-core/3.3.1/docker-java-core-3.3.1.jar:/Users/admin/.m2/repository/com/github/docker-java/docker-java-api/3.3.1/docker-java-api-3.3.1.jar:/Users/admin/.m2/repository/com/fasterxml/jackson/core/jackson-annotations/2.10.3/jackson-annotations-2.10.3.jar:/Users/admin/.m2/repository/com/fasterxml/jackson/core/jackson-databind/2.10.3/jackson-databind-2.10.3.jar:/Users/admin/.m2/repository/com/fasterxml/jackson/core/jackson-core/2.10.3/jackson-core-2.10.3.jar:/Users/admin/.m2/repository/org/bouncycastle/bcpkix-jdk15on/1.64/bcpkix-jdk15on-1.64.jar:/Users/admin/.m2/repository/org/bouncycastle/bcprov-jdk15on/1.64/bcprov-jdk15on-1.64.jar:/Users/admin/.m2/repository/org/slf4j/jcl-over-slf4j/1.7.30/jcl-over-slf4j-1.7.30.jar:/Users/admin/.m2/repository/com/github/docker-java/docker-java-transport-httpclient5/3.3.1/docker-java-transport-httpclient5-3.3.1.jar:/Users/admin/.m2/repository/com/github/docker-java/docker-java-transport/3.3.1/docker-java-transport-3.3.1.jar:/Users/admin/.m2/repository/net/java/dev/jna/jna/5.12.1/jna-5.12.1.jar:/Users/admin/.m2/repository/org/brotli/dec/0.1.2/dec-0.1.2.jar:/Users/admin/.m2/repository/org/apache/httpcomponents/client5/httpclient5/5.2.1/httpclient5-5.2.1.jar:/Users/admin/.m2/repository/org/apache/httpcomponents/core5/httpcore5/5.2/httpcore5-5.2.jar:/Users/admin/.m2/repository/org/apache/httpcomponents/core5/httpcore5-h2/5.2/httpcore5-h2-5.2.jar:/Users/admin/.m2/repository/org/apache/logging/log4j/log4j-api/2.24.0/log4j-api-2.24.0.jar:"/>
    <property name="java.vm.vendor" value="Oracle Corporation"/>
    <property name="sun.arch.data.model" value="64"/>
    <property name="java.vendor.url" value="https://java.oracle.com/"/>
    <property name="user.timezone" value="Asia/Kolkata"/>
    <property name="os.name" value="Mac OS X"/>
    <property name="java.vm.specification.version" value="20"/>
    <property name="sun.java.launcher" value="SUN_STANDARD"/>
    <property name="user.country" value="IN"/>
    <property name="sun.boot.library.path" value="/Library/Java/JavaVirtualMachines/jdk-20.jdk/Contents/Home/lib"/>
    <property name="sun.java.command" value="/Users/admin/eclipse-workspace/OpenCartv121/target/surefire/surefirebooter-20241018211239838_3.jar /Users/admin/eclipse-workspace/OpenCartv121/target/surefire 2024-10-18T21-12-39_791-jvmRun1 surefire-20241018211239838_1tmp surefire_0-20241018211239838_2tmp"/>
    <property name="http.nonProxyHosts" value="local|*.local|169.254/16|*.169.254/16"/>
    <property name="jdk.debug" value="release"/>
    <property name="surefire.test.class.path" value="/Users/admin/eclipse-workspace/OpenCartv121/target/test-classes:/Users/admin/eclipse-workspace/OpenCartv121/target/classes:/Users/admin/.m2/repository/org/seleniumhq/selenium/selenium-java/4.24.0/selenium-java-4.24.0.jar:/Users/admin/.m2/repository/org/seleniumhq/selenium/selenium-api/4.24.0/selenium-api-4.24.0.jar:/Users/admin/.m2/repository/org/jspecify/jspecify/1.0.0/jspecify-1.0.0.jar:/Users/admin/.m2/repository/org/seleniumhq/selenium/selenium-chrome-driver/4.24.0/selenium-chrome-driver-4.24.0.jar:/Users/admin/.m2/repository/com/google/auto/service/auto-service-annotations/1.1.1/auto-service-annotations-1.1.1.jar:/Users/admin/.m2/repository/org/seleniumhq/selenium/selenium-chromium-driver/4.24.0/selenium-chromium-driver-4.24.0.jar:/Users/admin/.m2/repository/org/seleniumhq/selenium/selenium-json/4.24.0/selenium-json-4.24.0.jar:/Users/admin/.m2/repository/org/seleniumhq/selenium/selenium-manager/4.24.0/selenium-manager-4.24.0.jar:/Users/admin/.m2/repository/org/seleniumhq/selenium/selenium-devtools-v126/4.24.0/selenium-devtools-v126-4.24.0.jar:/Users/admin/.m2/repository/org/seleniumhq/selenium/selenium-devtools-v127/4.24.0/selenium-devtools-v127-4.24.0.jar:/Users/admin/.m2/repository/org/seleniumhq/selenium/selenium-devtools-v128/4.24.0/selenium-devtools-v128-4.24.0.jar:/Users/admin/.m2/repository/org/seleniumhq/selenium/selenium-devtools-v85/4.24.0/selenium-devtools-v85-4.24.0.jar:/Users/admin/.m2/repository/org/seleniumhq/selenium/selenium-edge-driver/4.24.0/selenium-edge-driver-4.24.0.jar:/Users/admin/.m2/repository/org/seleniumhq/selenium/selenium-firefox-driver/4.24.0/selenium-firefox-driver-4.24.0.jar:/Users/admin/.m2/repository/org/seleniumhq/selenium/selenium-http/4.24.0/selenium-http-4.24.0.jar:/Users/admin/.m2/repository/dev/failsafe/failsafe/3.3.2/failsafe-3.3.2.jar:/Users/admin/.m2/repository/org/seleniumhq/selenium/selenium-ie-driver/4.24.0/selenium-ie-driver-4.24.0.jar:/Users/admin/.m2/repository/org/seleniumhq/selenium/selenium-remote-driver/4.24.0/selenium-remote-driver-4.24.0.jar:/Users/admin/.m2/repository/com/google/guava/guava/33.3.0-jre/guava-33.3.0-jre.jar:/Users/admin/.m2/repository/com/google/guava/failureaccess/1.0.2/failureaccess-1.0.2.jar:/Users/admin/.m2/repository/com/google/guava/listenablefuture/9999.0-empty-to-avoid-conflict-with-guava/listenablefuture-9999.0-empty-to-avoid-conflict-with-guava.jar:/Users/admin/.m2/repository/com/google/code/findbugs/jsr305/3.0.2/jsr305-3.0.2.jar:/Users/admin/.m2/repository/org/checkerframework/checker-qual/3.43.0/checker-qual-3.43.0.jar:/Users/admin/.m2/repository/com/google/errorprone/error_prone_annotations/2.28.0/error_prone_annotations-2.28.0.jar:/Users/admin/.m2/repository/com/google/j2objc/j2objc-annotations/3.0.0/j2objc-annotations-3.0.0.jar:/Users/admin/.m2/repository/io/opentelemetry/semconv/opentelemetry-semconv/1.25.0-alpha/opentelemetry-semconv-1.25.0-alpha.jar:/Users/admin/.m2/repository/io/opentelemetry/opentelemetry-api/1.41.0/opentelemetry-api-1.41.0.jar:/Users/admin/.m2/repository/io/opentelemetry/opentelemetry-context/1.41.0/opentelemetry-context-1.41.0.jar:/Users/admin/.m2/repository/io/opentelemetry/opentelemetry-exporter-logging/1.41.0/opentelemetry-exporter-logging-1.41.0.jar:/Users/admin/.m2/repository/io/opentelemetry/opentelemetry-sdk-common/1.41.0/opentelemetry-sdk-common-1.41.0.jar:/Users/admin/.m2/repository/io/opentelemetry/opentelemetry-sdk-extension-autoconfigure-spi/1.41.0/opentelemetry-sdk-extension-autoconfigure-spi-1.41.0.jar:/Users/admin/.m2/repository/io/opentelemetry/opentelemetry-sdk-extension-autoconfigure/1.41.0/opentelemetry-sdk-extension-autoconfigure-1.41.0.jar:/Users/admin/.m2/repository/io/opentelemetry/opentelemetry-api-incubator/1.41.0-alpha/opentelemetry-api-incubator-1.41.0-alpha.jar:/Users/admin/.m2/repository/io/opentelemetry/opentelemetry-sdk-trace/1.41.0/opentelemetry-sdk-trace-1.41.0.jar:/Users/admin/.m2/repository/io/opentelemetry/opentelemetry-sdk/1.41.0/opentelemetry-sdk-1.41.0.jar:/Users/admin/.m2/repository/io/opentelemetry/opentelemetry-sdk-metrics/1.41.0/opentelemetry-sdk-metrics-1.41.0.jar:/Users/admin/.m2/repository/io/opentelemetry/opentelemetry-sdk-logs/1.41.0/opentelemetry-sdk-logs-1.41.0.jar:/Users/admin/.m2/repository/net/bytebuddy/byte-buddy/1.15.0/byte-buddy-1.15.0.jar:/Users/admin/.m2/repository/org/seleniumhq/selenium/selenium-os/4.24.0/selenium-os-4.24.0.jar:/Users/admin/.m2/repository/org/apache/commons/commons-exec/1.4.0/commons-exec-1.4.0.jar:/Users/admin/.m2/repository/org/seleniumhq/selenium/selenium-safari-driver/4.24.0/selenium-safari-driver-4.24.0.jar:/Users/admin/.m2/repository/org/seleniumhq/selenium/selenium-support/4.24.0/selenium-support-4.24.0.jar:/Users/admin/.m2/repository/org/testng/testng/7.10.2/testng-7.10.2.jar:/Users/admin/.m2/repository/com/beust/jcommander/1.82/jcommander-1.82.jar:/Users/admin/.m2/repository/org/webjars/jquery/3.7.1/jquery-3.7.1.jar:/Users/admin/.m2/repository/org/apache/commons/commons-lang3/3.17.0/commons-lang3-3.17.0.jar:/Users/admin/.m2/repository/org/apache/poi/poi/5.3.0/poi-5.3.0.jar:/Users/admin/.m2/repository/commons-codec/commons-codec/1.17.0/commons-codec-1.17.0.jar:/Users/admin/.m2/repository/org/apache/commons/commons-collections4/4.4/commons-collections4-4.4.jar:/Users/admin/.m2/repository/org/apache/commons/commons-math3/3.6.1/commons-math3-3.6.1.jar:/Users/admin/.m2/repository/com/zaxxer/SparseBitSet/1.3/SparseBitSet-1.3.jar:/Users/admin/.m2/repository/org/apache/poi/poi-ooxml/5.3.0/poi-ooxml-5.3.0.jar:/Users/admin/.m2/repository/org/apache/poi/poi-ooxml-lite/5.3.0/poi-ooxml-lite-5.3.0.jar:/Users/admin/.m2/repository/org/apache/xmlbeans/xmlbeans/5.2.1/xmlbeans-5.2.1.jar:/Users/admin/.m2/repository/org/apache/commons/commons-compress/1.26.2/commons-compress-1.26.2.jar:/Users/admin/.m2/repository/com/github/virtuald/curvesapi/1.08/curvesapi-1.08.jar:/Users/admin/.m2/repository/com/aventstack/extentreports/5.1.2/extentreports-5.1.2.jar:/Users/admin/.m2/repository/io/reactivex/rxjava3/rxjava/3.1.6/rxjava-3.1.6.jar:/Users/admin/.m2/repository/org/reactivestreams/reactive-streams/1.0.4/reactive-streams-1.0.4.jar:/Users/admin/.m2/repository/org/freemarker/freemarker/2.3.32/freemarker-2.3.32.jar:/Users/admin/.m2/repository/org/projectlombok/lombok/1.18.26/lombok-1.18.26.jar:/Users/admin/.m2/repository/com/google/code/gson/gson/2.10.1/gson-2.10.1.jar:/Users/admin/.m2/repository/commons-io/commons-io/2.16.1/commons-io-2.16.1.jar:/Users/admin/.m2/repository/org/apache/logging/log4j/log4j-core/2.24.0/log4j-core-2.24.0.jar:/Users/admin/.m2/repository/org/slf4j/slf4j-api/1.7.5/slf4j-api-1.7.5.jar:/Users/admin/.m2/repository/org/slf4j/slf4j-log4j12/1.7.5/slf4j-log4j12-1.7.5.jar:/Users/admin/.m2/repository/log4j/log4j/1.2.17/log4j-1.2.17.jar:/Users/admin/.m2/repository/io/github/bonigarcia/webdrivermanager/5.4.0/webdrivermanager-5.4.0.jar:/Users/admin/.m2/repository/com/github/docker-java/docker-java/3.3.1/docker-java-3.3.1.jar:/Users/admin/.m2/repository/com/github/docker-java/docker-java-core/3.3.1/docker-java-core-3.3.1.jar:/Users/admin/.m2/repository/com/github/docker-java/docker-java-api/3.3.1/docker-java-api-3.3.1.jar:/Users/admin/.m2/repository/com/fasterxml/jackson/core/jackson-annotations/2.10.3/jackson-annotations-2.10.3.jar:/Users/admin/.m2/repository/com/fasterxml/jackson/core/jackson-databind/2.10.3/jackson-databind-2.10.3.jar:/Users/admin/.m2/repository/com/fasterxml/jackson/core/jackson-core/2.10.3/jackson-core-2.10.3.jar:/Users/admin/.m2/repository/org/bouncycastle/bcpkix-jdk15on/1.64/bcpkix-jdk15on-1.64.jar:/Users/admin/.m2/repository/org/bouncycastle/bcprov-jdk15on/1.64/bcprov-jdk15on-1.64.jar:/Users/admin/.m2/repository/org/slf4j/jcl-over-slf4j/1.7.30/jcl-over-slf4j-1.7.30.jar:/Users/admin/.m2/repository/com/github/docker-java/docker-java-transport-httpclient5/3.3.1/docker-java-transport-httpclient5-3.3.1.jar:/Users/admin/.m2/repository/com/github/docker-java/docker-java-transport/3.3.1/docker-java-transport-3.3.1.jar:/Users/admin/.m2/repository/net/java/dev/jna/jna/5.12.1/jna-5.12.1.jar:/Users/admin/.m2/repository/org/brotli/dec/0.1.2/dec-0.1.2.jar:/Users/admin/.m2/repository/org/apache/httpcomponents/client5/httpclient5/5.2.1/httpclient5-5.2.1.jar:/Users/admin/.m2/repository/org/apache/httpcomponents/core5/httpcore5/5.2/httpcore5-5.2.jar:/Users/admin/.m2/repository/org/apache/httpcomponents/core5/httpcore5-h2/5.2/httpcore5-h2-5.2.jar:/Users/admin/.m2/repository/org/apache/logging/log4j/log4j-api/2.24.0/log4j-api-2.24.0.jar:"/>
    <property name="sun.cpu.endian" value="little"/>
    <property name="user.home" value="/Users/admin"/>
    <property name="user.language" value="en"/>
    <property name="java.specification.vendor" value="Oracle Corporation"/>
    <property name="java.version.date" value="2023-04-18"/>
    <property name="java.home" value="/Library/Java/JavaVirtualMachines/jdk-20.jdk/Contents/Home"/>
    <property name="file.separator" value="/"/>
    <property name="basedir" value="/Users/admin/eclipse-workspace/OpenCartv121"/>
    <property name="java.vm.compressedOopsMode" value="Zero based"/>
    <property name="line.separator" value="&#10;"/>
    <property name="java.vm.specification.vendor" value="Oracle Corporation"/>
    <property name="java.specification.name" value="Java Platform API Specification"/>
    <property name="apple.awt.application.name" value="ForkedBooter"/>
    <property name="surefire.real.class.path" value="/Users/admin/eclipse-workspace/OpenCartv121/target/surefire/surefirebooter-20241018211239838_3.jar"/>
    <property name="sun.management.compiler" value="HotSpot 64-Bit Tiered Compilers"/>
    <property name="ftp.nonProxyHosts" value="local|*.local|169.254/16|*.169.254/16"/>
    <property name="java.runtime.version" value="20.0.1+9-29"/>
    <property name="user.name" value="admin"/>
    <property name="stdout.encoding" value="UTF-8"/>
    <property name="path.separator" value=":"/>
    <property name="os.version" value="14.6.1"/>
    <property name="java.runtime.name" value="Java(TM) SE Runtime Environment"/>
    <property name="file.encoding" value="UTF-8"/>
    <property name="java.vm.name" value="Java HotSpot(TM) 64-Bit Server VM"/>
    <property name="localRepository" value="/Users/admin/.m2/repository"/>
    <property name="java.vendor.url.bug" value="https://bugreport.java.com/bugreport/"/>
    <property name="java.io.tmpdir" value="/var/folders/kq/lyygc4hd0y1chscymqb2wsd80000gp/T/"/>
    <property name="java.version" value="20.0.1"/>
    <property name="user.dir" value="/Users/admin/eclipse-workspace/OpenCartv121"/>
    <property name="os.arch" value="aarch64"/>
    <property name="java.vm.specification.name" value="Java Virtual Machine Specification"/>
    <property name="native.encoding" value="UTF-8"/>
    <property name="java.library.path" value="/Users/admin/Library/Java/Extensions:/Library/Java/Extensions:/Network/Library/Java/Extensions:/System/Library/Java/Extensions:/usr/lib/java:."/>
    <property name="java.vm.info" value="mixed mode, sharing"/>
    <property name="stderr.encoding" value="UTF-8"/>
    <property name="java.vendor" value="Oracle Corporation"/>
    <property name="java.vm.version" value="20.0.1+9-29"/>
    <property name="sun.io.unicode.encoding" value="UnicodeBig"/>
    <property name="socksNonProxyHosts" value="local|*.local|169.254/16|*.169.254/16"/>
    <property name="java.class.version" value="64.0"/>
  </properties>
  <testcase name="verify_account_registration" classname="testcases.TC001_testcase" time="1.712">
    <system-err><![CDATA[log4j:WARN No appenders could be found for logger (org.testng.TestNG).
log4j:WARN Please initialize the log4j system properly.
log4j:WARN See http://logging.apache.org/log4j/1.2/faq.html#noconfig for more info.
]]></system-err>
  </testcase>
</testsuite>