<?xml version="1.0" encoding="UTF-8"?>
<!-- Generated by org.testng.reporters.JUnitReportReporter -->
<testsuite hostname="Home-Mac.local" failures="0" tests="1" name="testcases.TC001_testcase" time="2.410" errors="0" timestamp="2024-10-14T08:53:30 IST" skipped="0">
  <testcase classname="testcases.TC001_testcase" name="verify_account_registration" time="2.410"/>
</testsuite> <!-- testcases.TC001_testcase -->
