<?xml version="1.0" encoding="UTF-8"?>
<!-- Generated by org.testng.reporters.JUnitReportReporter -->
<testsuite hostname="Home-Mac.local" failures="0" tests="1" name="testcases.TC001_testcase" time="1.708" errors="0" timestamp="2024-10-18T21:12:52 IST" skipped="0">
  <testcase classname="testcases.TC001_testcase" name="verify_account_registration" time="1.708"/>
</testsuite> <!-- testcases.TC001_testcase -->
